<?xml version="1.0" encoding="UTF-8"?>
<!-- Generated by org.testng.reporters.JUnitReportReporter -->
<testsuite skipped="0" hostname="Nithesh-Gowda" name="com.vTiger.testscripts.CreateContactTest" tests="2" failures="0" timestamp="09 Jun 2020 04:42:08 GMT" time="75.746" errors="0">
  <testcase name="createContact" time="33.298" classname="com.vTiger.testscripts.CreateContactTest"/>
  <testcase name="createContact" time="42.448" classname="com.vTiger.testscripts.CreateContactTest"/>
</testsuite> <!-- com.vTiger.testscripts.CreateContactTest -->
