<?xml version="1.0" encoding="UTF-8"?>
<!-- Generated by org.testng.reporters.JUnitReportReporter -->
<testsuite skipped="0" hostname="Nithesh-Gowda" name="com.vTiger.testscripts.CreateVendorTest" tests="1" failures="0" timestamp="09 Jun 2020 04:42:08 GMT" time="32.906" errors="0">
  <testcase name="createVendor" time="32.906" classname="com.vTiger.testscripts.CreateVendorTest"/>
</testsuite> <!-- com.vTiger.testscripts.CreateVendorTest -->
