<?xml version="1.0" encoding="UTF-8"?>
<!-- Generated by org.testng.reporters.JUnitReportReporter -->
<testsuite skipped="0" hostname="Nithesh-Gowda" name="com.vTiger.testscripts.DeleteVendorTest" tests="1" failures="0" timestamp="09 Jun 2020 04:42:08 GMT" time="25.961" errors="0">
  <testcase name="deletevendor" time="25.961" classname="com.vTiger.testscripts.DeleteVendorTest"/>
</testsuite> <!-- com.vTiger.testscripts.DeleteVendorTest -->
