<?xml version="1.0" encoding="UTF-8"?>
<!-- Generated by org.testng.reporters.JUnitReportReporter -->
<testsuite skipped="0" hostname="Nithesh-Gowda" name="com.vTiger.testscripts.DeleteAllOrganizatioTest" tests="1" failures="0" timestamp="09 Jun 2020 04:42:08 GMT" time="28.110" errors="0">
  <testcase name="deleteOrg" time="28.110" classname="com.vTiger.testscripts.DeleteAllOrganizatioTest"/>
</testsuite> <!-- com.vTiger.testscripts.DeleteAllOrganizatioTest -->
