<?xml version="1.0" encoding="UTF-8"?>
<!-- Generated by org.testng.reporters.JUnitReportReporter -->
<testsuite skipped="0" hostname="Nithesh-Gowda" name="com.vTiger.testscripts.CreateProductTest" tests="1" failures="0" timestamp="09 Jun 2020 04:42:08 GMT" time="34.186" errors="0">
  <testcase name="createproduct" time="34.186" classname="com.vTiger.testscripts.CreateProductTest"/>
</testsuite> <!-- com.vTiger.testscripts.CreateProductTest -->
