<?xml version="1.0" encoding="UTF-8"?>
<!-- Generated by org.testng.reporters.JUnitReportReporter -->
<testsuite skipped="0" hostname="Nithesh-Gowda" name="com.vTiger.testscripts.CreateOppertunityTest" tests="1" failures="0" timestamp="09 Jun 2020 13:57:13 GMT" time="37.162" errors="0">
  <testcase name="createOppertunity" time="37.162" classname="com.vTiger.testscripts.CreateOppertunityTest"/>
</testsuite> <!-- com.vTiger.testscripts.CreateOppertunityTest -->
