<?xml version="1.0" encoding="UTF-8"?>
<!-- Generated by org.testng.reporters.JUnitReportReporter -->
<testsuite skipped="0" hostname="Nithesh-Gowda" name="com.vTiger.testscripts.DeleteLeadTest" tests="1" failures="0" timestamp="09 Jun 2020 04:42:08 GMT" time="27.938" errors="0">
  <testcase name="deleteLead" time="27.938" classname="com.vTiger.testscripts.DeleteLeadTest"/>
</testsuite> <!-- com.vTiger.testscripts.DeleteLeadTest -->
