<?xml version="1.0" encoding="UTF-8"?>
<!-- Generated by org.testng.reporters.JUnitReportReporter -->
<testsuite skipped="0" hostname="Nithesh-Gowda" name="com.vTiger.testscripts.CreateOrganizationTest" tests="2" failures="0" timestamp="09 Jun 2020 13:47:45 GMT" time="80.008" errors="0">
  <testcase name="createOrganization" time="38.104" classname="com.vTiger.testscripts.CreateOrganizationTest"/>
  <testcase name="createOrganization" time="41.904" classname="com.vTiger.testscripts.CreateOrganizationTest"/>
</testsuite> <!-- com.vTiger.testscripts.CreateOrganizationTest -->
