<?xml version="1.0" encoding="UTF-8"?>
<!-- Generated by org.testng.reporters.JUnitReportReporter -->
<testsuite skipped="0" hostname="Nithesh-Gowda" name="com.vTiger.testscripts.CreateLeadTest" tests="2" failures="0" timestamp="09 Jun 2020 04:42:08 GMT" time="79.924" errors="0">
  <testcase name="createLead" time="41.711" classname="com.vTiger.testscripts.CreateLeadTest"/>
  <testcase name="createLead" time="38.213" classname="com.vTiger.testscripts.CreateLeadTest"/>
</testsuite> <!-- com.vTiger.testscripts.CreateLeadTest -->
