<?xml version="1.0" encoding="UTF-8"?>
<!-- Generated by org.testng.reporters.JUnitReportReporter -->
<testsuite skipped="0" hostname="Nithesh-Gowda" name="com.vTiger.testscripts.DeleteAllContactTest" tests="1" failures="0" timestamp="09 Jun 2020 04:42:08 GMT" time="27.355" errors="0">
  <testcase name="deleteAllContact" time="27.355" classname="com.vTiger.testscripts.DeleteAllContactTest"/>
</testsuite> <!-- com.vTiger.testscripts.DeleteAllContactTest -->
